c:\users\luko\documents\visual studio 2022\cpp\winapiedu\winapiedu\x64\debug\vc143.pdb
c:\users\luko\documents\visual studio 2022\cpp\winapiedu\winapiedu\x64\debug\vc143.idb
c:\users\luko\documents\visual studio 2022\cpp\winapiedu\winapiedu\x64\debug\winapiedu.obj
c:\users\luko\documents\visual studio 2022\cpp\winapiedu\winapiedu\x64\debug\enemy.obj
c:\users\luko\documents\visual studio 2022\cpp\winapiedu\winapiedu\x64\debug\animclip.obj
c:\users\luko\documents\visual studio 2022\cpp\winapiedu\winapiedu\x64\debug\s02_bee.obj
c:\users\luko\documents\visual studio 2022\cpp\winapiedu\winapiedu\x64\debug\s01_basic.obj
c:\users\luko\documents\visual studio 2022\cpp\winapiedu\winapiedu\x64\debug\sprite.obj
c:\users\luko\documents\visual studio 2022\cpp\winapiedu\winapiedu\x64\debug\srvmgr.obj
c:\users\luko\documents\visual studio 2022\cpp\winapiedu\winapiedu\x64\debug\player.obj
c:\users\luko\documents\visual studio 2022\cpp\winapiedu\winapiedu\x64\debug\mainwindow.obj
c:\users\luko\documents\visual studio 2022\cpp\winapiedu\winapiedu\x64\debug\graphic2d.obj
c:\users\luko\documents\visual studio 2022\cpp\winapiedu\winapiedu\x64\debug\scenemanager.obj
c:\users\luko\documents\visual studio 2022\cpp\winapiedu\winapiedu\x64\debug\scene.obj
c:\users\luko\documents\visual studio 2022\cpp\winapiedu\winapiedu\x64\debug\objectmanager.obj
c:\users\luko\documents\visual studio 2022\cpp\winapiedu\winapiedu\x64\debug\gameobject.obj
c:\users\luko\documents\visual studio 2022\cpp\winapiedu\x64\debug\winapiedu.exe
c:\users\luko\documents\visual studio 2022\cpp\winapiedu\winapiedu\x64\debug\winapiedu.ilk
c:\users\luko\documents\visual studio 2022\cpp\winapiedu\x64\debug\winapiedu.pdb
c:\users\luko\documents\visual studio 2022\cpp\winapiedu\winapiedu\x64\debug\winapiedu.res
c:\users\luko\documents\visual studio 2022\cpp\winapiedu\winapiedu\x64\debug\animation.obj
c:\users\luko\documents\visual studio 2022\cpp\winapiedu\winapiedu\x64\debug\winapiedu.tlog\cl.command.1.tlog
c:\users\luko\documents\visual studio 2022\cpp\winapiedu\winapiedu\x64\debug\winapiedu.tlog\cl.items.tlog
c:\users\luko\documents\visual studio 2022\cpp\winapiedu\winapiedu\x64\debug\winapiedu.tlog\cl.read.1.tlog
c:\users\luko\documents\visual studio 2022\cpp\winapiedu\winapiedu\x64\debug\winapiedu.tlog\cl.write.1.tlog
c:\users\luko\documents\visual studio 2022\cpp\winapiedu\winapiedu\x64\debug\winapiedu.tlog\link.command.1.tlog
c:\users\luko\documents\visual studio 2022\cpp\winapiedu\winapiedu\x64\debug\winapiedu.tlog\link.read.1.tlog
c:\users\luko\documents\visual studio 2022\cpp\winapiedu\winapiedu\x64\debug\winapiedu.tlog\link.write.1.tlog
c:\users\luko\documents\visual studio 2022\cpp\winapiedu\winapiedu\x64\debug\winapiedu.tlog\rc.command.1.tlog
c:\users\luko\documents\visual studio 2022\cpp\winapiedu\winapiedu\x64\debug\winapiedu.tlog\rc.read.1.tlog
c:\users\luko\documents\visual studio 2022\cpp\winapiedu\winapiedu\x64\debug\winapiedu.tlog\rc.write.1.tlog
